# JRE version: Java(TM) SE Runtime Environment (8.0_45-b15) (build 1.8.0_45-b15)
# Java VM: Java HotSpot(TM) 64-Bit Server VM (25.45-b02 mixed mode windows-amd64 compressed oops)
Heap:
 PSYoungGen      total 140800K, used 113216K [0x00000000d5d00000, 0x00000000e0a00000, 0x0000000100000000)
  eden space 132608K, 79% used [0x00000000d5d00000,0x00000000dc3977e0,0x00000000dde80000)
  from space 8192K, 99% used [0x00000000dde80000,0x00000000de678c08,0x00000000de680000)
  to   space 11264K, 0% used [0x00000000dff00000,0x00000000dff00000,0x00000000e0a00000)
 ParOldGen       total 57856K, used 11305K [0x0000000081600000, 0x0000000084e80000, 0x00000000d5d00000)
  object space 57856K, 19% used [0x0000000081600000,0x000000008210a478,0x0000000084e80000)
 Metaspace       used 33225K, capacity 33622K, committed 33920K, reserved 1079296K
  class space    used 4086K, capacity 4211K, committed 4224K, reserved 1048576K
GC Heap History (10 events):
Event: 1.910 GC heap before
{Heap before GC invocations=4 (full 0):
 PSYoungGen      total 38400K, used 38379K [0x00000000d5d00000, 0x00000000da800000, 0x0000000100000000)
  eden space 33280K, 100% used [0x00000000d5d00000,0x00000000d7d80000,0x00000000d7d80000)
  from space 5120K, 99% used [0x00000000d7d80000,0x00000000d827afb0,0x00000000d8280000)
  to   space 5120K, 0% used [0x00000000da300000,0x00000000da300000,0x00000000da800000)
 ParOldGen       total 87552K, used 2728K [0x0000000081600000, 0x0000000086b80000, 0x00000000d5d00000)
  object space 87552K, 3% used [0x0000000081600000,0x00000000818aa270,0x0000000086b80000)
 Metaspace       used 20273K, capacity 20558K, committed 20736K, reserved 1067008K
  class space    used 2454K, capacity 2558K, committed 2560K, reserved 1048576K
Event: 1.925 GC heap after
Heap after GC invocations=4 (full 0):
 PSYoungGen      total 71680K, used 5113K [0x00000000d5d00000, 0x00000000da800000, 0x0000000100000000)
  eden space 66560K, 0% used [0x00000000d5d00000,0x00000000d5d00000,0x00000000d9e00000)
  from space 5120K, 99% used [0x00000000da300000,0x00000000da7fe730,0x00000000da800000)
  to   space 5120K, 0% used [0x00000000d9e00000,0x00000000d9e00000,0x00000000da300000)
 ParOldGen       total 87552K, used 4791K [0x0000000081600000, 0x0000000086b80000, 0x00000000d5d00000)
  object space 87552K, 5% used [0x0000000081600000,0x0000000081aade58,0x0000000086b80000)
 Metaspace       used 20273K, capacity 20558K, committed 20736K, reserved 1067008K
  class space    used 2454K, capacity 2558K, committed 2560K, reserved 1048576K
}
Event: 2.136 GC heap before
{Heap before GC invocations=5 (full 0):
 PSYoungGen      total 71680K, used 31074K [0x00000000d5d00000, 0x00000000da800000, 0x0000000100000000)
  eden space 66560K, 39% used [0x00000000d5d00000,0x00000000d765a320,0x00000000d9e00000)
  from space 5120K, 99% used [0x00000000da300000,0x00000000da7fe730,0x00000000da800000)
  to   space 5120K, 0% used [0x00000000d9e00000,0x00000000d9e00000,0x00000000da300000)
 ParOldGen       total 87552K, used 4791K [0x0000000081600000, 0x0000000086b80000, 0x00000000d5d00000)
  object space 87552K, 5% used [0x0000000081600000,0x0000000081aade58,0x0000000086b80000)
 Metaspace       used 20943K, capacity 21160K, committed 21296K, reserved 1069056K
  class space    used 2532K, capacity 2605K, committed 2688K, reserved 1048576K
Event: 2.144 GC heap after
Heap after GC invocations=5 (full 0):
 PSYoungGen      total 71680K, used 5097K [0x00000000d5d00000, 0x00000000df000000, 0x0000000100000000)
  eden space 66560K, 0% used [0x00000000d5d00000,0x00000000d5d00000,0x00000000d9e00000)
  from space 5120K, 99% used [0x00000000d9e00000,0x00000000da2fa740,0x00000000da300000)
  to   space 8704K, 0% used [0x00000000de780000,0x00000000de780000,0x00000000df000000)
 ParOldGen       total 87552K, used 6631K [0x0000000081600000, 0x0000000086b80000, 0x00000000d5d00000)
  object space 87552K, 7% used [0x0000000081600000,0x0000000081c79e80,0x0000000086b80000)
 Metaspace       used 20943K, capacity 21160K, committed 21296K, reserved 1069056K
  class space    used 2532K, capacity 2605K, committed 2688K, reserved 1048576K
}
Event: 2.144 GC heap before
{Heap before GC invocations=6 (full 1):
 PSYoungGen      total 71680K, used 5097K [0x00000000d5d00000, 0x00000000df000000, 0x0000000100000000)
  eden space 66560K, 0% used [0x00000000d5d00000,0x00000000d5d00000,0x00000000d9e00000)
  from space 5120K, 99% used [0x00000000d9e00000,0x00000000da2fa740,0x00000000da300000)
  to   space 8704K, 0% used [0x00000000de780000,0x00000000de780000,0x00000000df000000)
 ParOldGen       total 87552K, used 6631K [0x0000000081600000, 0x0000000086b80000, 0x00000000d5d00000)
  object space 87552K, 7% used [0x0000000081600000,0x0000000081c79e80,0x0000000086b80000)
 Metaspace       used 20943K, capacity 21160K, committed 21296K, reserved 1069056K
  class space    used 2532K, capacity 2605K, committed 2688K, reserved 1048576K
Event: 2.187 GC heap after
Heap after GC invocations=6 (full 1):
 PSYoungGen      total 71680K, used 0K [0x00000000d5d00000, 0x00000000df000000, 0x0000000100000000)
  eden space 66560K, 0% used [0x00000000d5d00000,0x00000000d5d00000,0x00000000d9e00000)
  from space 5120K, 0% used [0x00000000d9e00000,0x00000000d9e00000,0x00000000da300000)
  to   space 8704K, 0% used [0x00000000de780000,0x00000000de780000,0x00000000df000000)
 ParOldGen       total 57856K, used 7278K [0x0000000081600000, 0x0000000084e80000, 0x00000000d5d00000)
  object space 57856K, 12% used [0x0000000081600000,0x0000000081d1ba50,0x0000000084e80000)
 Metaspace       used 20943K, capacity 21160K, committed 21296K, reserved 1069056K
  class space    used 2532K, capacity 2605K, committed 2688K, reserved 1048576K
}
Event: 2.912 GC heap before
{Heap before GC invocations=7 (full 1):
 PSYoungGen      total 71680K, used 66560K [0x00000000d5d00000, 0x00000000df000000, 0x0000000100000000)
  eden space 66560K, 100% used [0x00000000d5d00000,0x00000000d9e00000,0x00000000d9e00000)
  from space 5120K, 0% used [0x00000000d9e00000,0x00000000d9e00000,0x00000000da300000)
  to   space 8704K, 0% used [0x00000000de780000,0x00000000de780000,0x00000000df000000)
 ParOldGen       total 57856K, used 7278K [0x0000000081600000, 0x0000000084e80000, 0x00000000d5d00000)
  object space 57856K, 12% used [0x0000000081600000,0x0000000081d1ba50,0x0000000084e80000)
 Metaspace       used 23902K, capacity 24154K, committed 24320K, reserved 1071104K
  class space    used 2959K, capacity 3024K, committed 3072K, reserved 1048576K
Event: 2.921 GC heap after
Heap after GC invocations=7 (full 1):
 PSYoungGen      total 109568K, used 6696K [0x00000000d5d00000, 0x00000000dee80000, 0x0000000100000000)
  eden space 102400K, 0% used [0x00000000d5d00000,0x00000000d5d00000,0x00000000dc100000)
  from space 7168K, 93% used [0x00000000de780000,0x00000000dee0a340,0x00000000dee80000)
  to   space 8192K, 0% used [0x00000000dde80000,0x00000000dde80000,0x00000000de680000)
 ParOldGen       total 57856K, used 7278K [0x0000000081600000, 0x0000000084e80000, 0x00000000d5d00000)
  object space 57856K, 12% used [0x0000000081600000,0x0000000081d1ba50,0x0000000084e80000)
 Metaspace       used 23902K, capacity 24154K, committed 24320K, reserved 1071104K
  class space    used 2959K, capacity 3024K, committed 3072K, reserved 1048576K
}
Event: 4.058 GC heap before
{Heap before GC invocations=8 (full 1):
 PSYoungGen      total 109568K, used 109096K [0x00000000d5d00000, 0x00000000dee80000, 0x0000000100000000)
  eden space 102400K, 100% used [0x00000000d5d00000,0x00000000dc100000,0x00000000dc100000)
  from space 7168K, 93% used [0x00000000de780000,0x00000000dee0a340,0x00000000dee80000)
  to   space 8192K, 0% used [0x00000000dde80000,0x00000000dde80000,0x00000000de680000)
 ParOldGen       total 57856K, used 7278K [0x0000000081600000, 0x0000000084e80000, 0x00000000d5d00000)
  object space 57856K, 12% used [0x0000000081600000,0x0000000081d1ba50,0x0000000084e80000)
 Metaspace       used 28640K, capacity 28992K, committed 29312K, reserved 1075200K
  class space    used 3559K, capacity 3681K, committed 3712K, reserved 1048576K
Event: 4.072 GC heap after
Heap after GC invocations=8 (full 1):
 PSYoungGen      total 140800K, used 8163K [0x00000000d5d00000, 0x00000000e0a00000, 0x0000000100000000)
  eden space 132608K, 0% used [0x00000000d5d00000,0x00000000d5d00000,0x00000000dde80000)
  from space 8192K, 99% used [0x00000000dde80000,0x00000000de678c08,0x00000000de680000)
  to   space 11264K, 0% used [0x00000000dff00000,0x00000000dff00000,0x00000000e0a00000)
 ParOldGen       total 57856K, used 11305K [0x0000000081600000, 0x0000000084e80000, 0x00000000d5d00000)
  object space 57856K, 19% used [0x0000000081600000,0x000000008210a478,0x0000000084e80000)
 Metaspace       used 28640K, capacity 28992K, committed 29312K, reserved 1075200K
  class space    used 3559K, capacity 3681K, committed 3712K, reserved 1048576K
}

