# JRE version: Java(TM) SE Runtime Environment (8.0_45-b15) (build 1.8.0_45-b15)
# Java VM: Java HotSpot(TM) 64-Bit Server VM (25.45-b02 mixed mode windows-amd64 compressed oops)
Heap:
 PSYoungGen      total 139776K, used 117076K [0x00000000d5d00000, 0x00000000e0100000, 0x0000000100000000)
  eden space 131584K, 82% used [0x00000000d5d00000,0x00000000dc757f28,0x00000000ddd80000)
  from space 8192K, 99% used [0x00000000ddd80000,0x00000000de57d498,0x00000000de580000)
  to   space 10240K, 0% used [0x00000000df700000,0x00000000df700000,0x00000000e0100000)
 ParOldGen       total 58880K, used 10066K [0x0000000081600000, 0x0000000084f80000, 0x00000000d5d00000)
  object space 58880K, 17% used [0x0000000081600000,0x0000000081fd4a00,0x0000000084f80000)
 Metaspace       used 33255K, capacity 33622K, committed 33920K, reserved 1079296K
  class space    used 4083K, capacity 4211K, committed 4224K, reserved 1048576K
GC Heap History (10 events):
Event: 1.990 GC heap before
{Heap before GC invocations=4 (full 0):
 PSYoungGen      total 38400K, used 38397K [0x00000000d5d00000, 0x00000000da800000, 0x0000000100000000)
  eden space 33280K, 100% used [0x00000000d5d00000,0x00000000d7d80000,0x00000000d7d80000)
  from space 5120K, 99% used [0x00000000d7d80000,0x00000000d827f630,0x00000000d8280000)
  to   space 5120K, 0% used [0x00000000da300000,0x00000000da300000,0x00000000da800000)
 ParOldGen       total 87552K, used 2606K [0x0000000081600000, 0x0000000086b80000, 0x00000000d5d00000)
  object space 87552K, 2% used [0x0000000081600000,0x000000008188bb88,0x0000000086b80000)
 Metaspace       used 20442K, capacity 20720K, committed 20864K, reserved 1067008K
  class space    used 2476K, capacity 2569K, committed 2688K, reserved 1048576K
Event: 2.001 GC heap after
Heap after GC invocations=4 (full 0):
 PSYoungGen      total 71680K, used 5110K [0x00000000d5d00000, 0x00000000da800000, 0x0000000100000000)
  eden space 66560K, 0% used [0x00000000d5d00000,0x00000000d5d00000,0x00000000d9e00000)
  from space 5120K, 99% used [0x00000000da300000,0x00000000da7fdb10,0x00000000da800000)
  to   space 5120K, 0% used [0x00000000d9e00000,0x00000000d9e00000,0x00000000da300000)
 ParOldGen       total 87552K, used 4735K [0x0000000081600000, 0x0000000086b80000, 0x00000000d5d00000)
  object space 87552K, 5% used [0x0000000081600000,0x0000000081a9fd40,0x0000000086b80000)
 Metaspace       used 20442K, capacity 20720K, committed 20864K, reserved 1067008K
  class space    used 2476K, capacity 2569K, committed 2688K, reserved 1048576K
}
Event: 2.289 GC heap before
{Heap before GC invocations=5 (full 0):
 PSYoungGen      total 71680K, used 26485K [0x00000000d5d00000, 0x00000000da800000, 0x0000000100000000)
  eden space 66560K, 32% used [0x00000000d5d00000,0x00000000d71df900,0x00000000d9e00000)
  from space 5120K, 99% used [0x00000000da300000,0x00000000da7fdb10,0x00000000da800000)
  to   space 5120K, 0% used [0x00000000d9e00000,0x00000000d9e00000,0x00000000da300000)
 ParOldGen       total 87552K, used 4735K [0x0000000081600000, 0x0000000086b80000, 0x00000000d5d00000)
  object space 87552K, 5% used [0x0000000081600000,0x0000000081a9fd40,0x0000000086b80000)
 Metaspace       used 20966K, capacity 21160K, committed 21296K, reserved 1069056K
  class space    used 2533K, capacity 2605K, committed 2688K, reserved 1048576K
Event: 2.299 GC heap after
Heap after GC invocations=5 (full 0):
 PSYoungGen      total 71680K, used 5110K [0x00000000d5d00000, 0x00000000def00000, 0x0000000100000000)
  eden space 66560K, 0% used [0x00000000d5d00000,0x00000000d5d00000,0x00000000d9e00000)
  from space 5120K, 99% used [0x00000000d9e00000,0x00000000da2fdb10,0x00000000da300000)
  to   space 8192K, 0% used [0x00000000de700000,0x00000000de700000,0x00000000def00000)
 ParOldGen       total 87552K, used 6157K [0x0000000081600000, 0x0000000086b80000, 0x00000000d5d00000)
  object space 87552K, 7% used [0x0000000081600000,0x0000000081c034e0,0x0000000086b80000)
 Metaspace       used 20966K, capacity 21160K, committed 21296K, reserved 1069056K
  class space    used 2533K, capacity 2605K, committed 2688K, reserved 1048576K
}
Event: 2.299 GC heap before
{Heap before GC invocations=6 (full 1):
 PSYoungGen      total 71680K, used 5110K [0x00000000d5d00000, 0x00000000def00000, 0x0000000100000000)
  eden space 66560K, 0% used [0x00000000d5d00000,0x00000000d5d00000,0x00000000d9e00000)
  from space 5120K, 99% used [0x00000000d9e00000,0x00000000da2fdb10,0x00000000da300000)
  to   space 8192K, 0% used [0x00000000de700000,0x00000000de700000,0x00000000def00000)
 ParOldGen       total 87552K, used 6157K [0x0000000081600000, 0x0000000086b80000, 0x00000000d5d00000)
  object space 87552K, 7% used [0x0000000081600000,0x0000000081c034e0,0x0000000086b80000)
 Metaspace       used 20966K, capacity 21160K, committed 21296K, reserved 1069056K
  class space    used 2533K, capacity 2605K, committed 2688K, reserved 1048576K
Event: 2.348 GC heap after
Heap after GC invocations=6 (full 1):
 PSYoungGen      total 71680K, used 0K [0x00000000d5d00000, 0x00000000def00000, 0x0000000100000000)
  eden space 66560K, 0% used [0x00000000d5d00000,0x00000000d5d00000,0x00000000d9e00000)
  from space 5120K, 0% used [0x00000000d9e00000,0x00000000d9e00000,0x00000000da300000)
  to   space 8192K, 0% used [0x00000000de700000,0x00000000de700000,0x00000000def00000)
 ParOldGen       total 58880K, used 6863K [0x0000000081600000, 0x0000000084f80000, 0x00000000d5d00000)
  object space 58880K, 11% used [0x0000000081600000,0x0000000081cb3ed0,0x0000000084f80000)
 Metaspace       used 20966K, capacity 21160K, committed 21296K, reserved 1069056K
  class space    used 2533K, capacity 2605K, committed 2688K, reserved 1048576K
}
Event: 3.129 GC heap before
{Heap before GC invocations=7 (full 1):
 PSYoungGen      total 71680K, used 66560K [0x00000000d5d00000, 0x00000000def00000, 0x0000000100000000)
  eden space 66560K, 100% used [0x00000000d5d00000,0x00000000d9e00000,0x00000000d9e00000)
  from space 5120K, 0% used [0x00000000d9e00000,0x00000000d9e00000,0x00000000da300000)
  to   space 8192K, 0% used [0x00000000de700000,0x00000000de700000,0x00000000def00000)
 ParOldGen       total 58880K, used 6863K [0x0000000081600000, 0x0000000084f80000, 0x00000000d5d00000)
  object space 58880K, 11% used [0x0000000081600000,0x0000000081cb3ed0,0x0000000084f80000)
 Metaspace       used 23785K, capacity 24122K, committed 24320K, reserved 1071104K
  class space    used 2937K, capacity 3056K, committed 3072K, reserved 1048576K
Event: 3.140 GC heap after
Heap after GC invocations=7 (full 1):
 PSYoungGen      total 107008K, used 6449K [0x00000000d5d00000, 0x00000000ded80000, 0x0000000100000000)
  eden space 100352K, 0% used [0x00000000d5d00000,0x00000000d5d00000,0x00000000dbf00000)
  from space 6656K, 96% used [0x00000000de700000,0x00000000ded4c780,0x00000000ded80000)
  to   space 8192K, 0% used [0x00000000ddd80000,0x00000000ddd80000,0x00000000de580000)
 ParOldGen       total 58880K, used 6863K [0x0000000081600000, 0x0000000084f80000, 0x00000000d5d00000)
  object space 58880K, 11% used [0x0000000081600000,0x0000000081cb3ed0,0x0000000084f80000)
 Metaspace       used 23785K, capacity 24122K, committed 24320K, reserved 1071104K
  class space    used 2937K, capacity 3056K, committed 3072K, reserved 1048576K
}
Event: 4.188 GC heap before
{Heap before GC invocations=8 (full 1):
 PSYoungGen      total 107008K, used 106801K [0x00000000d5d00000, 0x00000000ded80000, 0x0000000100000000)
  eden space 100352K, 100% used [0x00000000d5d00000,0x00000000dbf00000,0x00000000dbf00000)
  from space 6656K, 96% used [0x00000000de700000,0x00000000ded4c780,0x00000000ded80000)
  to   space 8192K, 0% used [0x00000000ddd80000,0x00000000ddd80000,0x00000000de580000)
 ParOldGen       total 58880K, used 6863K [0x0000000081600000, 0x0000000084f80000, 0x00000000d5d00000)
  object space 58880K, 11% used [0x0000000081600000,0x0000000081cb3ed0,0x0000000084f80000)
 Metaspace       used 28187K, capacity 28544K, committed 28800K, reserved 1075200K
  class space    used 3505K, capacity 3617K, committed 3712K, reserved 1048576K
Event: 4.199 GC heap after
Heap after GC invocations=8 (full 1):
 PSYoungGen      total 139776K, used 8181K [0x00000000d5d00000, 0x00000000e0100000, 0x0000000100000000)
  eden space 131584K, 0% used [0x00000000d5d00000,0x00000000d5d00000,0x00000000ddd80000)
  from space 8192K, 99% used [0x00000000ddd80000,0x00000000de57d498,0x00000000de580000)
  to   space 10240K, 0% used [0x00000000df700000,0x00000000df700000,0x00000000e0100000)
 ParOldGen       total 58880K, used 10066K [0x0000000081600000, 0x0000000084f80000, 0x00000000d5d00000)
  object space 58880K, 17% used [0x0000000081600000,0x0000000081fd4a00,0x0000000084f80000)
 Metaspace       used 28187K, capacity 28544K, committed 28800K, reserved 1075200K
  class space    used 3505K, capacity 3617K, committed 3712K, reserved 1048576K
}

